<?xml version="1.0" encoding="UTF-8"?>
<!-- Generated by org.testng.reporters.JUnitReportReporter -->
<testsuite hostname="Estefano-PC" name="pe.com.MDRO.test.system.selenium.testcase.MantenimientoTienda" tests="3" failures="0" timestamp="24 Jun 2019 06:41:00 GMT" time="21.941" errors="0">
  <testcase name="insertarTienda_FlujoAlternativo2" time="2.838" classname="pe.com.MDRO.test.system.selenium.testcase.MantenimientoTienda"/>
  <testcase name="insertarTienda_FlujoBasico" time="15.669" classname="pe.com.MDRO.test.system.selenium.testcase.MantenimientoTienda"/>
  <testcase name="insertarTienda_FlujoAlternativo" time="3.434" classname="pe.com.MDRO.test.system.selenium.testcase.MantenimientoTienda"/>
</testsuite> <!-- pe.com.MDRO.test.system.selenium.testcase.MantenimientoTienda -->
