<?xml version="1.0" encoding="UTF-8"?>
<!-- Generated by org.testng.reporters.JUnitReportReporter -->
<testsuite hostname="Estefano-PC" name="pe.com.MDRO.test.system.selenium.testcase.MListaCategoria" tests="2" failures="0" timestamp="25 Jun 2019 05:32:26 GMT" time="13.021" errors="0">
  <testcase name="editar_categoria_flujoBasico" time="9.239" classname="pe.com.MDRO.test.system.selenium.testcase.MListaCategoria"/>
  <testcase name="eliminar_categoria_flujoBasico" time="3.782" classname="pe.com.MDRO.test.system.selenium.testcase.MListaCategoria"/>
</testsuite> <!-- pe.com.MDRO.test.system.selenium.testcase.MListaCategoria -->
