<?xml version="1.0" encoding="UTF-8"?>
<!-- Generated by org.testng.reporters.JUnitReportReporter -->
<testsuite hostname="Estefano-PC" name="pe.com.MDRO.test.system.selenium.testcase.MListaTiendaPage" tests="2" failures="0" timestamp="25 Jun 2019 06:08:10 GMT" time="16.797" errors="0">
  <testcase name="editar_tienda_flujoBasico" time="13.301" classname="pe.com.MDRO.test.system.selenium.testcase.MListaTiendaPage"/>
  <testcase name="eliminar_tienda_flujoBasico" time="3.496" classname="pe.com.MDRO.test.system.selenium.testcase.MListaTiendaPage"/>
</testsuite> <!-- pe.com.MDRO.test.system.selenium.testcase.MListaTiendaPage -->
