<?xml version="1.0" encoding="UTF-8"?>
<!-- Generated by org.testng.reporters.JUnitReportReporter -->
<testsuite hostname="Estefano-PC" name="pe.com.MDRO.test.system.selenium.testcase.MListaEtiqueta" tests="2" failures="0" timestamp="25 Jun 2019 05:47:41 GMT" time="13.392" errors="0">
  <testcase name="editar_etiqueta_flujoBasico" time="9.923" classname="pe.com.MDRO.test.system.selenium.testcase.MListaEtiqueta"/>
  <testcase name="eliminar_etiqueta_flujoBasico" time="3.469" classname="pe.com.MDRO.test.system.selenium.testcase.MListaEtiqueta"/>
</testsuite> <!-- pe.com.MDRO.test.system.selenium.testcase.MListaEtiqueta -->
